#
# There is insufficient memory for the Java Runtime Environment to continue.
# Native memory allocation (mmap) failed to map 65536 bytes for Failed to commit metaspace.
# Possible reasons:
#   The system is out of physical RAM or swap space
#   The process is running with CompressedOops enabled, and the Java Heap may be blocking the growth of the native heap
# Possible solutions:
#   Reduce memory load on the system
#   Increase physical memory or swap space
#   Check if swap backing store is full
#   Decrease Java heap size (-Xmx/-Xms)
#   Decrease number of Java threads
#   Decrease Java thread stack sizes (-Xss)
#   Set larger code cache with -XX:ReservedCodeCacheSize=
#   JVM is running with Unscaled Compressed Oops mode in which the Java heap is
#     placed in the first 4GB address space. The Java Heap base address is the
#     maximum limit for the native heap growth. Please use -XX:HeapBaseMinAddress
#     to set the Java Heap base and to place the Java Heap above 4GB virtual address.
# This output file may be truncated or incomplete.
#
#  Out of Memory Error (virtualSpaceNode.cpp:110), pid=131656, tid=102844
#
# JRE version: OpenJDK Runtime Environment (17.0.7) (build 17.0.7+0-b2043.56-10550314)
# Java VM: OpenJDK 64-Bit Server VM (17.0.7+0-b2043.56-10550314, mixed mode, tiered, compressed oops, compressed class ptrs, g1 gc, windows-amd64)
# No core dump will be written. Minidumps are not enabled by default on client versions of Windows
#

---------------  S U M M A R Y ------------

Command Line: --add-opens=java.base/java.util=ALL-UNNAMED --add-opens=java.base/java.lang=ALL-UNNAMED --add-opens=java.base/java.lang.invoke=ALL-UNNAMED --add-opens=java.prefs/java.util.prefs=ALL-UNNAMED --add-opens=java.base/java.nio.charset=ALL-UNNAMED --add-opens=java.base/java.net=ALL-UNNAMED --add-opens=java.base/java.util.concurrent.atomic=ALL-UNNAMED -Xmx2048m -Dfile.encoding=UTF-8 -Duser.country=FR -Duser.language=fr -Duser.variant -javaagent:C:\Users\birmo\.gradle\wrapper\dists\gradle-8.2-bin\bbg7u40eoinfdyxsxr3z4i7ta\gradle-8.2\lib\agents\gradle-instrumentation-agent-8.2.jar org.gradle.launcher.daemon.bootstrap.GradleDaemon 8.2

Host: 11th Gen Intel(R) Core(TM) i5-1135G7 @ 2.40GHz, 8 cores, 7G,  Windows 11 , 64 bit Build 22621 (10.0.22621.3374)
Time: Thu May 23 21:42:09 2024 Paris, Madrid (heure duild 22621 (10.0.22621.3374) elapsed time: 3.834231 seconds (0d 0h 0m 3s)

---------------  T H R E A D  ---------------

Current thread (0x000001dd3c564020):  JavaThread "Daemon worker" [_thread_in_vm, id=102844, stack(0x0000008666a00000,0x0000008666b00000)]

Stack: [0x0000008666a00000,0x0000008666b00000]
Native frames: (J=compiled Java code, j=interpreted, Vv=VM code, C=native code)
V  [jvm.dll+0x683bfa]
V  [jvm.dll+0x8430a4]
V  [jvm.dll+0x8449be]
V  [jvm.dll+0x845023]
V  [jvm.dll+0x24ad2f]
V  [jvm.dll+0x83e45b]
V  [jvm.dll+0x6281e6]
V  [jvm.dll+0x1c29ee]
V  [jvm.dll+0x62ab31]
V  [jvm.dll+0x628b86]
V  [jvm.dll+0x240030]
V  [jvm.dll+0x1ef45d]
V  [jvm.dll+0x1e4e1c]
V  [jvm.dll+0x54a1dd]
V  [jvm.dll+0x7bd775]
V  [jvm.dll+0x7bd88e]
V  [jvm.dll+0x413a8a]
V  [jvm.dll+0x419c09]
C  [java.dll+0x17ec]

Java frames: (J=compiled Java code, j=interpreted, Vv=VM code)
J 842  java.lang.ClassLoader.defineClass1(Ljava/lang/ClassLoader;Ljava/lang/String;[BIILjava/security/ProtectionDomain;Ljava/lang/String;)Ljava/lang/Class; java.base@17.0.7 (0 bytes) @ 0x000001dd277f215b [0x000001dd277f20a0+0x00000000000000bb]
J 1238 c1 java.lang.ClassLoader.defineClass(Ljava/lang/String;[BIILjava/security/ProtectionDomain;)Ljava/lang/Class; java.base@17.0.7 (43 bytes) @ 0x000001dd1ff47044 [0x000001dd1ff46d00+0x0000000000000344]
J 986 c1 java.security.SecureClassLoader.defineClass(Ljava/lang/String;[BIILjava/security/CodeSource;)Ljava/lang/Class; java.base@17.0.7 (16 bytes) @ 0x000001dd1fe9f50c [0x000001dd1fe9f440+0x00000000000000cc]
J 979 c1 java.net.URLClassLoader.defineClass(Ljava/lang/String;Ljdk/internal/loader/Resource;)Ljava/lang/Class; java.base@17.0.7 (224 bytes) @ 0x000001dd1fe99ba4 [0x000001dd1fe981c0+0x00000000000019e4]
J 775 c1 java.net.URLClassLoader$1.run()Ljava/lang/Class; java.base@17.0.7 (81 bytes) @ 0x000001dd1fe14964 [0x000001dd1fe13d20+0x0000000000000c44]
J 774 c1 java.net.URLClassLoader$1.run()Ljava/lang/Object; java.base@17.0.7 (5 bytes) @ 0x000001dd1fe13844 [0x000001dd1fe137c0+0x0000000000000084]
J 624 c1 java.security.AccessController.doPrivileged(Ljava/security/PrivilegedExceptionAction;Ljava/security/AccessControlContext;)Ljava/lang/Object; java.base@17.0.7 (26 bytes) @ 0x000001dd1fdcc174 [0x000001dd1fdcbfa0+0x00000000000001d4]
J 708 c1 java.net.URLClassLoader.findClass(Ljava/lang/String;)Ljava/lang/Class; java.base@17.0.7 (47 bytes) @ 0x000001dd1fdf1b94 [0x000001dd1fdf1a00+0x0000000000000194]
J 673 c1 java.lang.ClassLoader.loadClass(Ljava/lang/String;Z)Ljava/lang/Class; java.base@17.0.7 (121 bytes) @ 0x000001dd1fde615c [0x000001dd1fde5bc0+0x000000000000059c]
J 681 c1 java.lang.ClassLoader.loadClass(Ljava/lang/String;)Ljava/lang/Class; java.base@17.0.7 (7 bytes) @ 0x000001dd1fde92bc [0x000001dd1fde91c0+0x00000000000000fc]
v  ~StubRoutines::call_stub
j  org.gradle.internal.instantiation.generator.AbstractClassGenerator$GeneratedClassImpl.<init>(Lorg/gradle/internal/instantiation/generator/AbstractClassGenerator;Ljava/lang/Class;Ljava/lang/Class;Ljava/util/List;Ljava/util/List;)V+113
j  org.gradle.internal.instantiation.generator.AbstractClassGenerator.generateUnderLock(Ljava/lang/Class;)Lorg/gradle/internal/instantiation/generator/AbstractClassGenerator$GeneratedClassImpl;+698
j  org.gradle.internal.instantiation.generator.AbstractClassGenerator$$Lambda$108+0x0000000100245b68.apply(Ljava/lang/Object;)Ljava/lang/Object;+8
j  org.gradle.cache.internal.DefaultCrossBuildInMemoryCacheFactory$AbstractCrossBuildInMemoryCache.get(Ljava/lang/Object;Ljava/util/function/Function;)Ljava/lang/Object;+26
j  org.gradle.internal.instantiation.generator.AbstractClassGenerator.generate(Ljava/lang/Class;)Lorg/gradle/internal/instantiation/generator/ClassGenerator$GeneratedClass;+27
j  org.gradle.internal.instantiation.generator.AsmBackedClassGenerator.generate(Ljava/lang/Class;)Lorg/gradle/internal/instantiation/generator/ClassGenerator$GeneratedClass;+2
j  org.gradle.internal.instantiation.generator.Jsr330ConstructorSelector.lambda$forType$0(Ljava/lang/Class;)Lorg/gradle/internal/instantiation/generator/Jsr330ConstructorSelector$CachedConstructor;+9
j  org.gradle.internal.instantiation.generator.Jsr330ConstructorSelector$$Lambda$112+0x000000010025e908.get()Ljava/lang/Object;+8
j  org.gradle.cache.Cache.lambda$get$0(Ljava/util/function/Supplier;Ljava/lang/Object;)Ljava/lang/Object;+1
j  org.gradle.cache.Cache$$Lambda$73+0x00000001001b9c08.apply(Ljava/lang/Object;)Ljava/lang/Object;+5
j  org.gradle.cache.internal.DefaultCrossBuildInMemoryCacheFactory$AbstractCrossBuildInMemoryCache.get(Ljava/lang/Object;Ljava/util/function/Function;)Ljava/lang/Object;+26
j  org.gradle.cache.Cache.get(Ljava/lang/Object;Ljava/util/function/Supplier;)Ljava/lang/Object;+8
j  org.gradle.internal.instantiation.generator.Jsr330ConstructorSelector.forType(Ljava/lang/Class;)Lorg/gradle/internal/instantiation/generator/ClassGenerator$GeneratedConstructor;+12
j  org.gradle.internal.instantiation.generator.Jsr330ConstructorSelector.forParams(Ljava/lang/Class;[Ljava/lang/Object;)Lorg/gradle/internal/instantiation/generator/ClassGenerator$GeneratedConstructor;+2
j  org.gradle.internal.instantiation.generator.DependencyInjectingInstantiator.doCreate(Ljava/lang/Class;Lorg/gradle/api/Describable;[Ljava/lang/Object;)Ljava/lang/Object;+6
j  org.gradle.internal.instantiation.generator.DependencyInjectingInstantiator.newInstance(Ljava/lang/Class;[Ljava/lang/Object;)Ljava/lang/Object;+4
j  org.gradle.api.internal.model.DefaultObjectFactory.newInstance(Ljava/lang/Class;[Ljava/lang/Object;)Ljava/lang/Object;+6
j  org.gradle.internal.service.scopes.GradleUserHomeScopeServices.createCachesConfiguration(Lorg/gradle/api/model/ObjectFactory;Lorg/gradle/cache/internal/LegacyCacheCleanupEnablement;)Lorg/gradle/api/internal/cache/CacheConfigurationsInternal;+11
v  ~StubRoutines::call_stub
j  jdk.internal.reflect.NativeMethodAccessorImpl.invoke0(Ljava/lang/reflect/Method;Ljava/lang/Object;[Ljava/lang/Object;)Ljava/lang/Object;+0 java.base@17.0.7
j  jdk.internal.reflect.NativeMethodAccessorImpl.invoke(Ljava/lang/Object;[Ljava/lang/Object;)Ljava/lang/Object;+133 java.base@17.0.7
J 1722 c1 jdk.internal.reflect.DelegatingMethodAccessorImpl.invoke(Ljava/lang/Object;[Ljava/lang/Object;)Ljava/lang/Object; java.base@17.0.7 (10 bytes) @ 0x000001dd2002063c [0x000001dd20020540+0x00000000000000fc]
J 1721 c1 java.lang.reflect.Method.invoke(Ljava/lang/Object;[Ljava/lang/Object;)Ljava/lang/Object; java.base@17.0.7 (65 bytes) @ 0x000001dd200200ac [0x000001dd2001fd80+0x000000000000032c]
j  org.gradle.internal.reflect.JavaMethod.invoke(Ljava/lang/Object;[Ljava/lang/Object;)Ljava/lang/Object;+6
j  org.gradle.internal.service.ReflectionBasedServiceMethod.invoke(Ljava/lang/Object;[Ljava/lang/Object;)Ljava/lang/Object;+6
j  org.gradle.internal.service.DefaultServiceRegistry$FactoryMethodService.invokeMethod([Ljava/lang/Object;)Ljava/lang/Object;+9
j  org.gradle.internal.service.DefaultServiceRegistry$FactoryService.createServiceInstance()Ljava/lang/Object;+7
j  org.gradle.internal.service.DefaultServiceRegistry$ManagedObjectServiceProvider.getInstance()Ljava/lang/Object;+24
j  org.gradle.internal.service.DefaultServiceRegistry$SingletonService.get()Ljava/lang/Object;+1
j  org.gradle.internal.service.DefaultServiceRegistry.applyConfigureMethod(Lorg/gradle/internal/service/ServiceMethod;Ljava/lang/Object;)V+125
j  org.gradle.internal.service.DefaultServiceRegistry.findProviderMethods(Ljava/lang/Object;)V+196
j  org.gradle.internal.service.DefaultServiceRegistry.addProvider(Ljava/lang/Object;)Lorg/gradle/internal/service/DefaultServiceRegistry;+6
j  org.gradle.internal.service.DefaultServiceRegistry$1.addProvider(Ljava/lang/Object;)V+5
j  org.gradle.internal.service.scopes.GradleUserHomeScopeServices.configure(Lorg/gradle/internal/service/ServiceRegistration;)V+13
j  java.lang.invoke.DirectMethodHandle$Holder.invokeVirtual(Ljava/lang/Object;Ljava/lang/Object;Ljava/lang/Object;)V+11 java.base@17.0.7
j  java.lang.invoke.LambdaForm$MH+0x00000001000eac00.invoke(Ljava/lang/Object;Ljava/lang/Object;)Ljava/lang/Object;+39 java.base@17.0.7
j  java.lang.invoke.LambdaForm$MH+0x00000001000ea000.invoke(Ljava/lang/Object;Ljava/lang/Object;Ljava/lang/Object;)Ljava/lang/Object;+45 java.base@17.0.7
j  java.lang.invoke.LambdaForm$MH+0x00000001000eb000.invokeExact_MT(Ljava/lang/Object;Ljava/lang/Object;Ljava/lang/Object;Ljava/lang/Object;)Ljava/lang/Object;+20 java.base@17.0.7
j  java.lang.invoke.MethodHandle.invokeWithArguments([Ljava/lang/Object;)Ljava/lang/Object;+28 java.base@17.0.7
j  org.gradle.internal.service.MethodHandleBasedServiceMethod.invoke(Ljava/lang/Object;[Ljava/lang/Object;)Ljava/lang/Object;+9
j  org.gradle.internal.service.DefaultServiceRegistry.applyConfigureMethod(Lorg/gradle/internal/service/ServiceMethod;Ljava/lang/Object;)V+140
j  org.gradle.internal.service.DefaultServiceRegistry.findProviderMethods(Ljava/lang/Object;)V+196
j  org.gradle.internal.service.DefaultServiceRegistry.addProvider(Ljava/lang/Object;)Lorg/gradle/internal/service/DefaultServiceRegistry;+6
j  org.gradle.internal.service.ServiceRegistryBuilder.build()Lorg/gradle/internal/service/ServiceRegistry;+56
j  org.gradle.internal.service.scopes.DefaultGradleUserHomeScopeServiceRegistry.getServicesFor(Ljava/io/File;)Lorg/gradle/internal/service/ServiceRegistry;+147
j  org.gradle.internal.session.BuildSessionState.<init>(Lorg/gradle/internal/service/scopes/GradleUserHomeScopeServiceRegistry;Lorg/gradle/internal/session/CrossBuildSessionState;Lorg/gradle/api/internal/StartParameterInternal;Lorg/gradle/initialization/BuildRequestMetaData;Lorg/gradle/internal/classpath/ClassPath;Lorg/gradle/initialization/BuildCancellationToken;Lorg/gradle/initialization/BuildClientMetaData;Lorg/gradle/initialization/BuildEventConsumer;)V+15
j  org.gradle.tooling.internal.provider.BuildSessionLifecycleBuildActionExecuter.execute(Lorg/gradle/internal/invocation/BuildAction;Lorg/gradle/launcher/exec/BuildActionParameters;Lorg/gradle/initialization/BuildRequestContext;)Lorg/gradle/launcher/exec/BuildActionResult;+86
j  org.gradle.tooling.internal.provider.BuildSessionLifecycleBuildActionExecuter.execute(Lorg/gradle/internal/invocation/BuildAction;Ljava/lang/Object;Ljava/lang/Object;)Lorg/gradle/launcher/exec/BuildActionResult;+10
j  org.gradle.tooling.internal.provider.StartParamsValidatingActionExecuter.execute(Lorg/gradle/internal/invocation/BuildAction;Lorg/gradle/launcher/exec/BuildActionParameters;Lorg/gradle/initialization/BuildRequestContext;)Lorg/gradle/launcher/exec/BuildActionResult;+203
j  org.gradle.tooling.internal.provider.StartParamsValidatingActionExecuter.execute(Lorg/gradle/internal/invocation/BuildAction;Ljava/lang/Object;Ljava/lang/Object;)Lorg/gradle/launcher/exec/BuildActionResult;+10
j  org.gradle.tooling.internal.provider.SessionFailureReportingActionExecuter.execute(Lorg/gradle/internal/invocation/BuildAction;Lorg/gradle/launcher/exec/BuildActionParameters;Lorg/gradle/initialization/BuildRequestContext;)Lorg/gradle/launcher/exec/BuildActionResult;+7
j  org.gradle.tooling.internal.provider.SessionFailureReportingActionExecuter.execute(Lorg/gradle/internal/invocation/BuildAction;Ljava/lang/Object;Ljava/lang/Object;)Lorg/gradle/launcher/exec/BuildActionResult;+10
j  org.gradle.tooling.internal.provider.SetupLoggingActionExecuter.execute(Lorg/gradle/internal/invocation/BuildAction;Lorg/gradle/launcher/exec/BuildActionParameters;Lorg/gradle/initialization/BuildRequestContext;)Lorg/gradle/launcher/exec/BuildActionResult;+50
j  org.gradle.tooling.internal.provider.SetupLoggingActionExecuter.execute(Lorg/gradle/internal/invocation/BuildAction;Ljava/lang/Object;Ljava/lang/Object;)Lorg/gradle/launcher/exec/BuildActionResult;+10
j  org.gradle.launcher.daemon.server.exec.ExecuteBuild.doBuild(Lorg/gradle/launcher/daemon/server/api/DaemonCommandExecution;Lorg/gradle/launcher/daemon/protocol/Build;)V+117
j  org.gradle.launcher.daemon.server.exec.BuildCommandOnly.execute(Lorg/gradle/launcher/daemon/server/api/DaemonCommandExecution;)V+49
j  org.gradle.launcher.daemon.server.api.DaemonCommandExecution.proceed()Z+23
j  org.gradle.launcher.daemon.server.exec.WatchForDisconnection.execute(Lorg/gradle/launcher/daemon/server/api/DaemonCommandExecution;)V+19
j  org.gradle.launcher.daemon.server.api.DaemonCommandExecution.proceed()Z+23
j  org.gradle.launcher.daemon.server.exec.ResetDeprecationLogger.execute(Lorg/gradle/launcher/daemon/server/api/DaemonCommandExecution;)V+7
j  org.gradle.launcher.daemon.server.api.DaemonCommandExecution.proceed()Z+23
j  org.gradle.launcher.daemon.server.exec.RequestStopIfSingleUsedDaemon.execute(Lorg/gradle/launcher/daemon/server/api/DaemonCommandExecution;)V+33
j  org.gradle.launcher.daemon.server.api.DaemonCommandExecution.proceed()Z+23
j  org.gradle.launcher.daemon.server.exec.ForwardClientInput$2.create()Ljava/lang/Void;+4
j  org.gradle.launcher.daemon.server.exec.ForwardClientInput$2.create()Ljava/lang/Object;+1
j  org.gradle.util.internal.Swapper.swap(Ljava/lang/Object;Lorg/gradle/internal/Factory;)Ljava/lang/Object;+21
j  org.gradle.launcher.daemon.server.exec.ForwardClientInput.execute(Lorg/gradle/launcher/daemon/server/api/DaemonCommandExecution;)V+63
j  org.gradle.launcher.daemon.server.api.DaemonCommandExecution.proceed()Z+23
j  org.gradle.launcher.daemon.server.exec.LogAndCheckHealth.execute(Lorg/gradle/launcher/daemon/server/api/DaemonCommandExecution;)V+51
j  org.gradle.launcher.daemon.server.api.DaemonCommandExecution.proceed()Z+23
j  org.gradle.launcher.daemon.server.exec.LogToClient.doBuild(Lorg/gradle/launcher/daemon/server/api/DaemonCommandExecution;Lorg/gradle/launcher/daemon/protocol/Build;)V+87
j  org.gradle.launcher.daemon.server.exec.BuildCommandOnly.execute(Lorg/gradle/launcher/daemon/server/api/DaemonCommandExecution;)V+49
j  org.gradle.launcher.daemon.server.api.DaemonCommandExecution.proceed()Z+23
j  org.gradle.launcher.daemon.server.exec.EstablishBuildEnvironment.doBuild(Lorg/gradle/launcher/daemon/server/api/DaemonCommandExecution;Lorg/gradle/launcher/daemon/protocol/Build;)V+356
j  org.gradle.launcher.daemon.server.exec.BuildCommandOnly.execute(Lorg/gradle/launcher/daemon/server/api/DaemonCommandExecution;)V+49
j  org.gradle.launcher.daemon.server.api.DaemonCommandExecution.proceed()Z+23
j  org.gradle.launcher.daemon.server.exec.StartBuildOrRespondWithBusy$1.run()V+44
j  org.gradle.launcher.daemon.server.DaemonStateCoordinator$1.run()V+4
j  org.gradle.internal.concurrent.ExecutorPolicy$CatchAndRecordFailures.onExecute(Ljava/lang/Runnable;)V+1
j  org.gradle.internal.concurrent.AbstractManagedExecutor$1.run()V+25
j  java.util.concurrent.ThreadPoolExecutor.runWorker(Ljava/util/concurrent/ThreadPoolExecutor$Worker;)V+92 java.base@17.0.7
j  java.util.concurrent.ThreadPoolExecutor$Worker.run()V+5 java.base@17.0.7
j  java.lang.Thread.run()V+11 java.base@17.0.7
v  ~StubRoutines::call_stub

---------------  P R O C E S S  ---------------

Threads class SMR info:
_java_thread_list=0x000001dd3c598140, length=22, elements={
0x000001dd1c803d50, 0x000001dd367d5010, 0x000001dd367d58d0, 0x000001dd36678420,
0x000001dd36678ce0, 0x000001dd3667b5b0, 0x000001dd3667be70, 0x000001dd367f1090,
0x000001dd367f1a40, 0x000001dd367f2340, 0x000001dd365f5fa0, 0x000001dd36a9eb90,
0x000001dd3bd1d4f0, 0x000001dd3c4ae3d0, 0x000001dd3c4ae8a0, 0x000001dd3c91f920,
0x000001dd3c5494b0, 0x000001dd3c29c2d0, 0x000001dd3c564020, 0x000001dd3c54baf0,
0x000001dd3c54a2e0, 0x000001dd3c54ac80
}

Java Threads: ( => current thread )
  0x000001dd1c803d50 JavaThread "main" [_thread_blocked, id=133320, stack(0x0000008664d00000,0x0000008664e00000)]
  0x000001dd367d5010 JavaThread "Reference Handler" daemon [_thread_blocked, id=9196, stack(0x0000008665400000,0x0000008665500000)]
  0x000001dd367d58d0 JavaThread "Finalizer" daemon [_thread_blocked, id=132160, stack(0x0000008665500000,0x0000008665600000)]
  0x000001dd36678420 JavaThread "Signal Dispatcher" daemon [_thread_blocked, id=133188, stack(0x0000008665600000,0x0000008665700000)]
  0x000001dd36678ce0 JavaThread "Attach Listener" daemon [_thread_blocked, id=131876, stack(0x0000008665700000,0x0000008665800000)]
  0x000001dd3667b5b0 JavaThread "Service Thread" daemon [_thread_blocked, id=130672, stack(0x0000008665800000,0x0000008665900000)]
  0x000001dd3667be70 JavaThread "Monitor Deflation Thread" daemon [_thread_blocked, id=105316, stack(0x0000008665900000,0x0000008665a00000)]
  0x000001dd367f1090 JavaThread "C2 CompilerThread0" daemon [_thread_blocked, id=131856, stack(0x0000008665a00000,0x0000008665b00000)]
  0x000001dd367f1a40 JavaThread "C1 CompilerThread0" daemon [_thread_blocked, id=132604, stack(0x0000008665b00000,0x0000008665c00000)]
  0x000001dd367f2340 JavaThread "Sweeper thread" daemon [_thread_blocked, id=129704, stack(0x0000008665c00000,0x0000008665d00000)]
  0x000001dd365f5fa0 JavaThread "Common-Cleaner" daemon [_thread_blocked, id=79956, stack(0x0000008665d00000,0x0000008665e00000)]
  0x000001dd36a9eb90 JavaThread "Notification Thread" daemon [_thread_blocked, id=104708, stack(0x0000008665e00000,0x0000008665f00000)]
  0x000001dd3bd1d4f0 JavaThread "Daemon health stats" [_thread_blocked, id=125708, stack(0x0000008666400000,0x0000008666500000)]
  0x000001dd3c4ae3d0 JavaThread "Incoming local TCP Connector on port 63150" [_thread_in_native, id=133456, stack(0x0000008666500000,0x0000008666600000)]
  0x000001dd3c4ae8a0 JavaThread "Daemon periodic checks" [_thread_blocked, id=128404, stack(0x0000008666600000,0x0000008666700000)]
  0x000001dd3c91f920 JavaThread "Daemon" [_thread_blocked, id=125776, stack(0x0000008666700000,0x0000008666800000)]
  0x000001dd3c5494b0 JavaThread "Handler for socket connection from /127.0.0.1:63150 to /127.0.0.1:63151" [_thread_in_native, id=132516, stack(0x0000008666800000,0x0000008666900000)]
  0x000001dd3c29c2d0 JavaThread "Cancel handler" [_thread_blocked, id=132236, stack(0x0000008666900000,0x0000008666a00000)]
=>0x000001dd3c564020 JavaThread "Daemon worker" [_thread_in_vm, id=102844, stack(0x0000008666a00000,0x0000008666b00000)]
  0x000001dd3c54baf0 JavaThread "Asynchronous log dispatcher for DefaultDaemonConnection: socket connection from /127.0.0.1:63150 to /127.0.0.1:63151" [_thread_blocked, id=7536, stack(0x0000008666b00000,0x0000008666c00000)]
  0x000001dd3c54a2e0 JavaThread "Stdin handler" [_thread_blocked, id=129688, stack(0x0000008666c00000,0x0000008666d00000)]
  0x000001dd3c54ac80 JavaThread "Daemon client event forwarder" [_thread_blocked, id=100396, stack(0x0000008666d00000,0x0000008666e00000)]

Other Threads:
  0x000001dd367c3a30 VMThread "VM Thread" [stack: 0x0000008665300000,0x0000008665400000] [id=133924]
  0x000001dd1c894fc0 WatcherThread [stack: 0x0000008665f00000,0x0000008666000000] [id=129292]
  0x000001dd1c861da0 GCTaskThread "GC Thread#0" [stack: 0x0000008664e00000,0x0000008664f00000] [id=132756]
  0x000001dd3b90cd50 GCTaskThread "GC Thread#1" [stack: 0x0000008666000000,0x0000008666100000] [id=119900]
  0x000001dd3b740b40 GCTaskThread "GC Thread#2" [stack: 0x0000008666100000,0x0000008666200000] [id=10732]
  0x000001dd3b786bd0 GCTaskThread "GC Thread#3" [stack: 0x0000008666200000,0x0000008666300000] [id=131016]
  0x000001dd3bcea690 GCTaskThread "GC Thread#4" [stack: 0x0000008666300000,0x0000008666400000] [id=113616]
  0x000001dd1c873290 ConcurrentGCThread "G1 Main Marker" [stack: 0x0000008664f00000,0x0000008665000000] [id=106060]
  0x000001dd1c873ab0 ConcurrentGCThread "G1 Conc#0" [stack: 0x0000008665000000,0x0000008665100000] [id=112236]
  0x000001dd364c40e0 ConcurrentGCThread "G1 Refine#0" [stack: 0x0000008665100000,0x0000008665200000] [id=95084]
  0x000001dd364c47b0 ConcurrentGCThread "G1 Service" [stack: 0x0000008665200000,0x0000008665300000] [id=131152]

Threads with active compile tasks:

VM state: not at safepoint (normal execution)

VM Mutex/Monitor currently owned by a thread:  ([mutex/lock_event])
[0x000001dd1c7fe6b0] Metaspace_lock - owner thread: 0x000001dd3c564020

Heap address: 0x0000000080000000, size: 2048 MB, Compressed Oops mode: 32-bit

CDS archive(s) not mapped
Compressed class space mapped at: 0x0000000100000000-0x0000000140000000, reserved size: 1073741824
Narrow klass base: 0x0000000000000000, Narrow klass shift: 3, Narrow klass range: 0x140000000

GC Precious Log:
 CPUs: 8 total, 8 available
 Memory: 7886M
 Large Page Support: Disabled
 NUMA Support: Disabled
 Compressed Oops: Enabled (32-bit)
 Heap Region Size: 1M
 Heap Min Capacity: 8M
 Heap Initial Capacity: 124M
 Heap Max Capacity: 2G
 Pre-touch: Disabled
 Parallel Workers: 8
 Concurrent Workers: 2
 Concurrent Refinement Workers: 8
 Periodic GC: Disabled

Heap:
 garbage-first heap   total 126976K, used 58388K [0x0000000080000000, 0x0000000100000000)
  region size 1024K, 48 young (49152K), 3 survivors (3072K)
 Metaspace       used 21108K, committed 21376K, reserved 1114112K
  class space    used 2552K, committed 2688K, reserved 1048576K

Heap Regions: E=young(eden), S=young(survivor), O=old, HS=humongous(starts), HC=humongous(continues), CS=collection set, F=free, OA=open archive, CA=closed archive, TAMS=top-at-mark-start (previous, next)
|   0|0x0000000080000000, 0x0000000080100000, 0x0000000080100000|100%|HS|  |TAMS 0x0000000080000000, 0x0000000080000000| Complete 
|   1|0x0000000080100000, 0x0000000080200000, 0x0000000080200000|100%|HC|  |TAMS 0x0000000080100000, 0x0000000080100000| Complete 
|   2|0x0000000080200000, 0x0000000080300000, 0x0000000080300000|100%|HC|  |TAMS 0x0000000080200000, 0x0000000080200000| Complete 
|   3|0x0000000080300000, 0x0000000080400000, 0x0000000080400000|100%|HC|  |TAMS 0x0000000080300000, 0x0000000080300000| Complete 
|   4|0x0000000080400000, 0x0000000080500000, 0x0000000080500000|100%| O|  |TAMS 0x0000000080400000, 0x0000000080400000| Untracked 
|   5|0x0000000080500000, 0x0000000080600000, 0x0000000080600000|100%| O|  |TAMS 0x0000000080500000, 0x0000000080500000| Untracked 
|   6|0x0000000080600000, 0x0000000080700000, 0x0000000080700000|100%| O|  |TAMS 0x0000000080600000, 0x0000000080600000| Untracked 
|   7|0x0000000080700000, 0x0000000080800000, 0x0000000080800000|100%| O|  |TAMS 0x0000000080700000, 0x0000000080700000| Untracked 
|   8|0x0000000080800000, 0x0000000080800000, 0x0000000080900000|  0%| F|  |TAMS 0x0000000080800000, 0x0000000080800000| Untracked 
|   9|0x0000000080900000, 0x0000000080a00000, 0x0000000080a00000|100%| O|  |TAMS 0x0000000080900000, 0x0000000080900000| Untracked 
|  10|0x0000000080a00000, 0x0000000080b00000, 0x0000000080b00000|100%| O|  |TAMS 0x0000000080a00000, 0x0000000080a00000| Untracked 
|  11|0x0000000080b00000, 0x0000000080b82808, 0x0000000080c00000| 50%| O|  |TAMS 0x0000000080b00000, 0x0000000080b00000| Untracked 
|  12|0x0000000080c00000, 0x0000000080c00000, 0x0000000080d00000|  0%| F|  |TAMS 0x0000000080c00000, 0x0000000080c00000| Untracked 
|  13|0x0000000080d00000, 0x0000000080d00000, 0x0000000080e00000|  0%| F|  |TAMS 0x0000000080d00000, 0x0000000080d00000| Untracked 
|  14|0x0000000080e00000, 0x0000000080e00000, 0x0000000080f00000|  0%| F|  |TAMS 0x0000000080e00000, 0x0000000080e00000| Untracked 
|  15|0x0000000080f00000, 0x0000000080f00000, 0x0000000081000000|  0%| F|  |TAMS 0x0000000080f00000, 0x0000000080f00000| Untracked 
|  16|0x0000000081000000, 0x0000000081000000, 0x0000000081100000|  0%| F|  |TAMS 0x0000000081000000, 0x0000000081000000| Untracked 
|  17|0x0000000081100000, 0x0000000081100000, 0x0000000081200000|  0%| F|  |TAMS 0x0000000081100000, 0x0000000081100000| Untracked 
|  18|0x0000000081200000, 0x0000000081200000, 0x0000000081300000|  0%| F|  |TAMS 0x0000000081200000, 0x0000000081200000| Untracked 
|  19|0x0000000081300000, 0x0000000081300000, 0x0000000081400000|  0%| F|  |TAMS 0x0000000081300000, 0x0000000081300000| Untracked 
|  20|0x0000000081400000, 0x0000000081400000, 0x0000000081500000|  0%| F|  |TAMS 0x0000000081400000, 0x0000000081400000| Untracked 
|  21|0x0000000081500000, 0x0000000081500000, 0x0000000081600000|  0%| F|  |TAMS 0x0000000081500000, 0x0000000081500000| Untracked 
|  22|0x0000000081600000, 0x0000000081600000, 0x0000000081700000|  0%| F|  |TAMS 0x0000000081600000, 0x0000000081600000| Untracked 
|  23|0x0000000081700000, 0x0000000081700000, 0x0000000081800000|  0%| F|  |TAMS 0x0000000081700000, 0x0000000081700000| Untracked 
|  24|0x0000000081800000, 0x0000000081800000, 0x0000000081900000|  0%| F|  |TAMS 0x0000000081800000, 0x0000000081800000| Untracked 
|  25|0x0000000081900000, 0x0000000081900000, 0x0000000081a00000|  0%| F|  |TAMS 0x0000000081900000, 0x0000000081900000| Untracked 
|  26|0x0000000081a00000, 0x0000000081a00000, 0x0000000081b00000|  0%| F|  |TAMS 0x0000000081a00000, 0x0000000081a00000| Untracked 
|  27|0x0000000081b00000, 0x0000000081b00000, 0x0000000081c00000|  0%| F|  |TAMS 0x0000000081b00000, 0x0000000081b00000| Untracked 
|  28|0x0000000081c00000, 0x0000000081c00000, 0x0000000081d00000|  0%| F|  |TAMS 0x0000000081c00000, 0x0000000081c00000| Untracked 
|  29|0x0000000081d00000, 0x0000000081d00000, 0x0000000081e00000|  0%| F|  |TAMS 0x0000000081d00000, 0x0000000081d00000| Untracked 
|  30|0x0000000081e00000, 0x0000000081e00000, 0x0000000081f00000|  0%| F|  |TAMS 0x0000000081e00000, 0x0000000081e00000| Untracked 
|  31|0x0000000081f00000, 0x0000000081f00000, 0x0000000082000000|  0%| F|  |TAMS 0x0000000081f00000, 0x0000000081f00000| Untracked 
|  32|0x0000000082000000, 0x0000000082000000, 0x0000000082100000|  0%| F|  |TAMS 0x0000000082000000, 0x0000000082000000| Untracked 
|  33|0x0000000082100000, 0x0000000082100000, 0x0000000082200000|  0%| F|  |TAMS 0x0000000082100000, 0x0000000082100000| Untracked 
|  34|0x0000000082200000, 0x0000000082200000, 0x0000000082300000|  0%| F|  |TAMS 0x0000000082200000, 0x0000000082200000| Untracked 
|  35|0x0000000082300000, 0x0000000082300000, 0x0000000082400000|  0%| F|  |TAMS 0x0000000082300000, 0x0000000082300000| Untracked 
|  36|0x0000000082400000, 0x0000000082400000, 0x0000000082500000|  0%| F|  |TAMS 0x0000000082400000, 0x0000000082400000| Untracked 
|  37|0x0000000082500000, 0x0000000082500000, 0x0000000082600000|  0%| F|  |TAMS 0x0000000082500000, 0x0000000082500000| Untracked 
|  38|0x0000000082600000, 0x0000000082600000, 0x0000000082700000|  0%| F|  |TAMS 0x0000000082600000, 0x0000000082600000| Untracked 
|  39|0x0000000082700000, 0x0000000082700000, 0x0000000082800000|  0%| F|  |TAMS 0x0000000082700000, 0x0000000082700000| Untracked 
|  40|0x0000000082800000, 0x0000000082800000, 0x0000000082900000|  0%| F|  |TAMS 0x0000000082800000, 0x0000000082800000| Untracked 
|  41|0x0000000082900000, 0x0000000082900000, 0x0000000082a00000|  0%| F|  |TAMS 0x0000000082900000, 0x0000000082900000| Untracked 
|  42|0x0000000082a00000, 0x0000000082a00000, 0x0000000082b00000|  0%| F|  |TAMS 0x0000000082a00000, 0x0000000082a00000| Untracked 
|  43|0x0000000082b00000, 0x0000000082b00000, 0x0000000082c00000|  0%| F|  |TAMS 0x0000000082b00000, 0x0000000082b00000| Untracked 
|  44|0x0000000082c00000, 0x0000000082c00000, 0x0000000082d00000|  0%| F|  |TAMS 0x0000000082c00000, 0x0000000082c00000| Untracked 
|  45|0x0000000082d00000, 0x0000000082d00000, 0x0000000082e00000|  0%| F|  |TAMS 0x0000000082d00000, 0x0000000082d00000| Untracked 
|  46|0x0000000082e00000, 0x0000000082e00000, 0x0000000082f00000|  0%| F|  |TAMS 0x0000000082e00000, 0x0000000082e00000| Untracked 
|  47|0x0000000082f00000, 0x0000000082f00000, 0x0000000083000000|  0%| F|  |TAMS 0x0000000082f00000, 0x0000000082f00000| Untracked 
|  48|0x0000000083000000, 0x0000000083000000, 0x0000000083100000|  0%| F|  |TAMS 0x0000000083000000, 0x0000000083000000| Untracked 
|  49|0x0000000083100000, 0x0000000083100000, 0x0000000083200000|  0%| F|  |TAMS 0x0000000083100000, 0x0000000083100000| Untracked 
|  50|0x0000000083200000, 0x0000000083200000, 0x0000000083300000|  0%| F|  |TAMS 0x0000000083200000, 0x0000000083200000| Untracked 
|  51|0x0000000083300000, 0x0000000083300000, 0x0000000083400000|  0%| F|  |TAMS 0x0000000083300000, 0x0000000083300000| Untracked 
|  52|0x0000000083400000, 0x0000000083400000, 0x0000000083500000|  0%| F|  |TAMS 0x0000000083400000, 0x0000000083400000| Untracked 
|  53|0x0000000083500000, 0x0000000083500000, 0x0000000083600000|  0%| F|  |TAMS 0x0000000083500000, 0x0000000083500000| Untracked 
|  54|0x0000000083600000, 0x0000000083600000, 0x0000000083700000|  0%| F|  |TAMS 0x0000000083600000, 0x0000000083600000| Untracked 
|  55|0x0000000083700000, 0x0000000083700000, 0x0000000083800000|  0%| F|  |TAMS 0x0000000083700000, 0x0000000083700000| Untracked 
|  56|0x0000000083800000, 0x0000000083800000, 0x0000000083900000|  0%| F|  |TAMS 0x0000000083800000, 0x0000000083800000| Untracked 
|  57|0x0000000083900000, 0x0000000083900000, 0x0000000083a00000|  0%| F|  |TAMS 0x0000000083900000, 0x0000000083900000| Untracked 
|  58|0x0000000083a00000, 0x0000000083a00000, 0x0000000083b00000|  0%| F|  |TAMS 0x0000000083a00000, 0x0000000083a00000| Untracked 
|  59|0x0000000083b00000, 0x0000000083b00000, 0x0000000083c00000|  0%| F|  |TAMS 0x0000000083b00000, 0x0000000083b00000| Untracked 
|  60|0x0000000083c00000, 0x0000000083c00000, 0x0000000083d00000|  0%| F|  |TAMS 0x0000000083c00000, 0x0000000083c00000| Untracked 
|  61|0x0000000083d00000, 0x0000000083d00000, 0x0000000083e00000|  0%| F|  |TAMS 0x0000000083d00000, 0x0000000083d00000| Untracked 
|  62|0x0000000083e00000, 0x0000000083e00000, 0x0000000083f00000|  0%| F|  |TAMS 0x0000000083e00000, 0x0000000083e00000| Untracked 
|  63|0x0000000083f00000, 0x0000000083f00000, 0x0000000084000000|  0%| F|  |TAMS 0x0000000083f00000, 0x0000000083f00000| Untracked 
|  64|0x0000000084000000, 0x0000000084000000, 0x0000000084100000|  0%| F|  |TAMS 0x0000000084000000, 0x0000000084000000| Untracked 
|  65|0x0000000084100000, 0x0000000084100000, 0x0000000084200000|  0%| F|  |TAMS 0x0000000084100000, 0x0000000084100000| Untracked 
|  66|0x0000000084200000, 0x0000000084200000, 0x0000000084300000|  0%| F|  |TAMS 0x0000000084200000, 0x0000000084200000| Untracked 
|  67|0x0000000084300000, 0x0000000084300000, 0x0000000084400000|  0%| F|  |TAMS 0x0000000084300000, 0x0000000084300000| Untracked 
|  68|0x0000000084400000, 0x0000000084400000, 0x0000000084500000|  0%| F|  |TAMS 0x0000000084400000, 0x0000000084400000| Untracked 
|  69|0x0000000084500000, 0x0000000084500000, 0x0000000084600000|  0%| F|  |TAMS 0x0000000084500000, 0x0000000084500000| Untracked 
|  70|0x0000000084600000, 0x0000000084600000, 0x0000000084700000|  0%| F|  |TAMS 0x0000000084600000, 0x0000000084600000| Untracked 
|  71|0x0000000084700000, 0x0000000084700000, 0x0000000084800000|  0%| F|  |TAMS 0x0000000084700000, 0x0000000084700000| Untracked 
|  72|0x0000000084800000, 0x0000000084800000, 0x0000000084900000|  0%| F|  |TAMS 0x0000000084800000, 0x0000000084800000| Untracked 
|  73|0x0000000084900000, 0x0000000084900000, 0x0000000084a00000|  0%| F|  |TAMS 0x0000000084900000, 0x0000000084900000| Untracked 
|  74|0x0000000084a00000, 0x0000000084a00000, 0x0000000084b00000|  0%| F|  |TAMS 0x0000000084a00000, 0x0000000084a00000| Untracked 
|  75|0x0000000084b00000, 0x0000000084b00000, 0x0000000084c00000|  0%| F|  |TAMS 0x0000000084b00000, 0x0000000084b00000| Untracked 
|  76|0x0000000084c00000, 0x0000000084d00000, 0x0000000084d00000|100%| E|  |TAMS 0x0000000084c00000, 0x0000000084c00000| Complete 
|  77|0x0000000084d00000, 0x0000000084e00000, 0x0000000084e00000|100%| E|CS|TAMS 0x0000000084d00000, 0x0000000084d00000| Complete 
|  78|0x0000000084e00000, 0x0000000084f00000, 0x0000000084f00000|100%| E|CS|TAMS 0x0000000084e00000, 0x0000000084e00000| Complete 
|  79|0x0000000084f00000, 0x0000000085000000, 0x0000000085000000|100%| E|CS|TAMS 0x0000000084f00000, 0x0000000084f00000| Complete 
|  80|0x0000000085000000, 0x0000000085100000, 0x0000000085100000|100%| E|CS|TAMS 0x0000000085000000, 0x0000000085000000| Complete 
|  81|0x0000000085100000, 0x0000000085200000, 0x0000000085200000|100%| E|CS|TAMS 0x0000000085100000, 0x0000000085100000| Complete 
|  82|0x0000000085200000, 0x0000000085300000, 0x0000000085300000|100%| E|CS|TAMS 0x0000000085200000, 0x0000000085200000| Complete 
|  83|0x0000000085300000, 0x0000000085400000, 0x0000000085400000|100%| E|CS|TAMS 0x0000000085300000, 0x0000000085300000| Complete 
|  84|0x0000000085400000, 0x0000000085500000, 0x0000000085500000|100%| E|CS|TAMS 0x0000000085400000, 0x0000000085400000| Complete 
|  85|0x0000000085500000, 0x0000000085600000, 0x0000000085600000|100%| E|CS|TAMS 0x0000000085500000, 0x0000000085500000| Complete 
|  86|0x0000000085600000, 0x0000000085700000, 0x0000000085700000|100%| E|CS|TAMS 0x0000000085600000, 0x0000000085600000| Complete 
|  87|0x0000000085700000, 0x0000000085800000, 0x0000000085800000|100%| E|CS|TAMS 0x0000000085700000, 0x0000000085700000| Complete 
|  88|0x0000000085800000, 0x0000000085900000, 0x0000000085900000|100%| E|CS|TAMS 0x0000000085800000, 0x0000000085800000| Complete 
|  89|0x0000000085900000, 0x0000000085a00000, 0x0000000085a00000|100%| E|CS|TAMS 0x0000000085900000, 0x0000000085900000| Complete 
|  90|0x0000000085a00000, 0x0000000085b00000, 0x0000000085b00000|100%| E|CS|TAMS 0x0000000085a00000, 0x0000000085a00000| Complete 
|  91|0x0000000085b00000, 0x0000000085b82940, 0x0000000085c00000| 51%| S|CS|TAMS 0x0000000085b00000, 0x0000000085b00000| Complete 
|  92|0x0000000085c00000, 0x0000000085d00000, 0x0000000085d00000|100%| S|CS|TAMS 0x0000000085c00000, 0x0000000085c00000| Complete 
|  93|0x0000000085d00000, 0x0000000085e00000, 0x0000000085e00000|100%| S|CS|TAMS 0x0000000085d00000, 0x0000000085d00000| Complete 
|  94|0x0000000085e00000, 0x0000000085f00000, 0x0000000085f00000|100%| E|CS|TAMS 0x0000000085e00000, 0x0000000085e00000| Complete 
|  95|0x0000000085f00000, 0x0000000086000000, 0x0000000086000000|100%| E|CS|TAMS 0x0000000085f00000, 0x0000000085f00000| Complete 
|  96|0x0000000086000000, 0x0000000086100000, 0x0000000086100000|100%| E|CS|TAMS 0x0000000086000000, 0x0000000086000000| Complete 
|  97|0x0000000086100000, 0x0000000086200000, 0x0000000086200000|100%| E|CS|TAMS 0x0000000086100000, 0x0000000086100000| Complete 
|  98|0x0000000086200000, 0x0000000086300000, 0x0000000086300000|100%| E|CS|TAMS 0x0000000086200000, 0x0000000086200000| Complete 
|  99|0x0000000086300000, 0x0000000086400000, 0x0000000086400000|100%| E|CS|TAMS 0x0000000086300000, 0x0000000086300000| Complete 
| 100|0x0000000086400000, 0x0000000086500000, 0x0000000086500000|100%| E|CS|TAMS 0x0000000086400000, 0x0000000086400000| Complete 
| 101|0x0000000086500000, 0x0000000086600000, 0x0000000086600000|100%| E|CS|TAMS 0x0000000086500000, 0x0000000086500000| Complete 
| 102|0x0000000086600000, 0x0000000086700000, 0x0000000086700000|100%| E|CS|TAMS 0x0000000086600000, 0x0000000086600000| Complete 
| 103|0x0000000086700000, 0x0000000086800000, 0x0000000086800000|100%| E|CS|TAMS 0x0000000086700000, 0x0000000086700000| Complete 
| 104|0x0000000086800000, 0x0000000086900000, 0x0000000086900000|100%| E|CS|TAMS 0x0000000086800000, 0x0000000086800000| Complete 
| 105|0x0000000086900000, 0x0000000086a00000, 0x0000000086a00000|100%| E|CS|TAMS 0x0000000086900000, 0x0000000086900000| Complete 
| 106|0x0000000086a00000, 0x0000000086b00000, 0x0000000086b00000|100%| E|CS|TAMS 0x0000000086a00000, 0x0000000086a00000| Complete 
| 107|0x0000000086b00000, 0x0000000086c00000, 0x0000000086c00000|100%| E|CS|TAMS 0x0000000086b00000, 0x0000000086b00000| Complete 
| 108|0x0000000086c00000, 0x0000000086d00000, 0x0000000086d00000|100%| E|CS|TAMS 0x0000000086c00000, 0x0000000086c00000| Complete 
| 109|0x0000000086d00000, 0x0000000086e00000, 0x0000000086e00000|100%| E|CS|TAMS 0x0000000086d00000, 0x0000000086d00000| Complete 
| 110|0x0000000086e00000, 0x0000000086f00000, 0x0000000086f00000|100%| E|CS|TAMS 0x0000000086e00000, 0x0000000086e00000| Complete 
| 111|0x0000000086f00000, 0x0000000087000000, 0x0000000087000000|100%| E|CS|TAMS 0x0000000086f00000, 0x0000000086f00000| Complete 
| 112|0x0000000087000000, 0x0000000087100000, 0x0000000087100000|100%| E|CS|TAMS 0x0000000087000000, 0x0000000087000000| Complete 
| 113|0x0000000087100000, 0x0000000087200000, 0x0000000087200000|100%| E|CS|TAMS 0x0000000087100000, 0x0000000087100000| Complete 
| 114|0x0000000087200000, 0x0000000087300000, 0x0000000087300000|100%| E|CS|TAMS 0x0000000087200000, 0x0000000087200000| Complete 
| 115|0x0000000087300000, 0x0000000087400000, 0x0000000087400000|100%| E|CS|TAMS 0x0000000087300000, 0x0000000087300000| Complete 
| 116|0x0000000087400000, 0x0000000087500000, 0x0000000087500000|100%| E|CS|TAMS 0x0000000087400000, 0x0000000087400000| Complete 
| 117|0x0000000087500000, 0x0000000087600000, 0x0000000087600000|100%| E|CS|TAMS 0x0000000087500000, 0x0000000087500000| Complete 
| 118|0x0000000087600000, 0x0000000087700000, 0x0000000087700000|100%| E|CS|TAMS 0x0000000087600000, 0x0000000087600000| Complete 
| 119|0x0000000087700000, 0x0000000087800000, 0x0000000087800000|100%| E|CS|TAMS 0x0000000087700000, 0x0000000087700000| Complete 
| 120|0x0000000087800000, 0x0000000087900000, 0x0000000087900000|100%| E|CS|TAMS 0x0000000087800000, 0x0000000087800000| Complete 
| 121|0x0000000087900000, 0x0000000087a00000, 0x0000000087a00000|100%| E|CS|TAMS 0x0000000087900000, 0x0000000087900000| Complete 
| 122|0x0000000087a00000, 0x0000000087b00000, 0x0000000087b00000|100%| E|CS|TAMS 0x0000000087a00000, 0x0000000087a00000| Complete 
| 123|0x0000000087b00000, 0x0000000087c00000, 0x0000000087c00000|100%| E|CS|TAMS 0x0000000087b00000, 0x0000000087b00000| Complete 

Card table byte_map: [0x000001dd2f400000,0x000001dd2f800000] _byte_map_base: 0x000001dd2f000000

Marking Bits (Prev, Next): (CMBitMap*) 0x000001dd1c8621c0, (CMBitMap*) 0x000001dd1c862200
 Prev Bits: [0x000001dd2fc00000, 0x000001dd31c00000)
 Next Bits: [0x000001dd31c00000, 0x000001dd33c00000)

Polling page: 0x000001dd1a7a0000

Metaspace:

Usage:
  Non-class:     18.12 MB used.
      Class:      2.49 MB used.
       Both:     20.61 MB used.

Virtual space:
  Non-class space:       64.00 MB reserved,      18.25 MB ( 29%) committed,  1 nodes.
      Class space:        1.00 GB reserved,       2.62 MB ( <1%) committed,  1 nodes.
             Both:        1.06 GB reserved,      20.88 MB (  2%) committed. 

Chunk freelists:
   Non-Class:  12.80 MB
       Class:  13.41 MB
        Both:  26.20 MB

MaxMetaspaceSize: unlimited
CompressedClassSpaceSize: 1.00 GB
Initial GC threshold: 21.00 MB
Current GC threshold: 21.00 MB
CDS: off
MetaspaceReclaimPolicy: balanced
 - commit_granule_bytes: 65536.
 - commit_granule_words: 8192.
 - virtual_space_node_default_size: 8388608.
 - enlarge_chunks_in_place: 1.
 - new_chunks_are_fully_committed: 0.
 - uncommit_free_chunks: 1.
 - use_allocation_guard: 0.
 - handle_deallocations: 1.


Internal statistics:

num_allocs_failed_limit: 0.
num_arena_births: 146.
num_arena_deaths: 0.
num_vsnodes_births: 2.
num_vsnodes_deaths: 0.
num_space_committed: 334.
num_space_uncommitted: 0.
num_chunks_returned_to_freelist: 0.
num_chunks_taken_from_freelist: 515.
num_chunk_merges: 0.
num_chunk_splits: 343.
num_chunks_enlarged: 265.
num_inconsistent_stats: 0.

CodeHeap 'non-profiled nmethods': size=120000Kb used=941Kb max_used=941Kb free=119058Kb
 bounds [0x000001dd277a0000, 0x000001dd27a10000, 0x000001dd2ecd0000]
CodeHeap 'profiled nmethods': size=120000Kb used=3879Kb max_used=3879Kb free=116121Kb
 bounds [0x000001dd1fcd0000, 0x000001dd200a0000, 0x000001dd27200000]
CodeHeap 'non-nmethods': size=5760Kb used=1216Kb max_used=1229Kb free=4543Kb
 bounds [0x000001dd27200000, 0x000001dd27470000, 0x000001dd277a0000]
 total_blobs=2496 nmethods=1984 adapters=425
 compilation: enabled
              stopped_count=0, restarted_count=0
 full_count=0

Compilation events (20 events):
Event: 3.811 Thread 0x000001dd367f1a40 1974       3       sun.invoke.util.BytecodeDescriptor::unparseMethod (66 bytes)
Event: 3.812 Thread 0x000001dd367f1a40 nmethod 1974 0x000001dd20091d10 code [0x000001dd20091f40, 0x000001dd200925c8]
Event: 3.814 Thread 0x000001dd367f1090 1975       4       java.lang.StringConcatHelper::newString (67 bytes)
Event: 3.815 Thread 0x000001dd367f1a40 1976       3       org.objectweb.asm.ByteVector::putByte (39 bytes)
Event: 3.815 Thread 0x000001dd367f1a40 nmethod 1976 0x000001dd20092890 code [0x000001dd20092a40, 0x000001dd20092c28]
Event: 3.815 Thread 0x000001dd367f1090 nmethod 1975 0x000001dd2788a210 code [0x000001dd2788a3a0, 0x000001dd2788a498]
Event: 3.817 Thread 0x000001dd367f1a40 1977       3       java.lang.invoke.TypeConvertingMethodAdapter::convertType (299 bytes)
Event: 3.820 Thread 0x000001dd367f1a40 nmethod 1977 0x000001dd20092d90 code [0x000001dd200933c0, 0x000001dd200968c8]
Event: 3.821 Thread 0x000001dd367f1a40 1982       3       org.objectweb.asm.SymbolTable::addConstantUtf8 (98 bytes)
Event: 3.822 Thread 0x000001dd367f1a40 nmethod 1982 0x000001dd20097a10 code [0x000001dd20097c40, 0x000001dd20098238]
Event: 3.822 Thread 0x000001dd367f1a40 1984       3       java.lang.Class::getInterfaces (6 bytes)
Event: 3.822 Thread 0x000001dd367f1a40 nmethod 1984 0x000001dd20098590 code [0x000001dd20098720, 0x000001dd20098868]
Event: 3.822 Thread 0x000001dd367f1a40 1983       3       jdk.internal.misc.Unsafe::getShortUnaligned (33 bytes)
Event: 3.822 Thread 0x000001dd367f1a40 nmethod 1983 0x000001dd20098910 code [0x000001dd20098ae0, 0x000001dd20098e98]
Event: 3.822 Thread 0x000001dd367f1a40 1985       3       jdk.internal.reflect.ConstantPool::getUTF8At (10 bytes)
Event: 3.823 Thread 0x000001dd367f1a40 nmethod 1985 0x000001dd20099010 code [0x000001dd200991a0, 0x000001dd200992e8]
Event: 3.823 Thread 0x000001dd367f1a40 1987       3       sun.reflect.generics.parser.SignatureParser::parseFieldTypeSignature (6 bytes)
Event: 3.823 Thread 0x000001dd367f1a40 nmethod 1987 0x000001dd20099390 code [0x000001dd20099520, 0x000001dd20099668]
Event: 3.824 Thread 0x000001dd367f1a40 1988       3       org.objectweb.asm.ByteVector::putShort (52 bytes)
Event: 3.825 Thread 0x000001dd367f1a40 nmethod 1988 0x000001dd20099710 code [0x000001dd200998c0, 0x000001dd20099ac8]

GC Heap History (4 events):
Event: 1.443 GC heap before
{Heap before GC invocations=0 (full 0):
 garbage-first heap   total 126976K, used 26624K [0x0000000080000000, 0x0000000100000000)
  region size 1024K, 23 young (23552K), 0 survivors (0K)
 Metaspace       used 10484K, committed 10688K, reserved 1114112K
  class space    used 1089K, committed 1216K, reserved 1048576K
}
Event: 1.453 GC heap after
{Heap after GC invocations=1 (full 0):
 garbage-first heap   total 126976K, used 10656K [0x0000000080000000, 0x0000000100000000)
  region size 1024K, 3 young (3072K), 3 survivors (3072K)
 Metaspace       used 10484K, committed 10688K, reserved 1114112K
  class space    used 1089K, committed 1216K, reserved 1048576K
}
Event: 2.293 GC heap before
{Heap before GC invocations=1 (full 0):
 garbage-first heap   total 126976K, used 39328K [0x0000000080000000, 0x0000000100000000)
  region size 1024K, 30 young (30720K), 3 survivors (3072K)
 Metaspace       used 11435K, committed 11648K, reserved 1114112K
  class space    used 1193K, committed 1280K, reserved 1048576K
}
Event: 2.303 GC heap after
{Heap after GC invocations=2 (full 0):
 garbage-first heap   total 126976K, used 13332K [0x0000000080000000, 0x0000000100000000)
  region size 1024K, 3 young (3072K), 3 survivors (3072K)
 Metaspace       used 11435K, committed 11648K, reserved 1114112K
  class space    used 1193K, committed 1280K, reserved 1048576K
}

Dll operation events (3 events):
Event: 0.055 Loaded shared library E:\Android Studio\jbr\bin\java.dll
Event: 0.352 Loaded shared library E:\Android Studio\jbr\bin\zip.dll
Event: 0.895 Loaded shared library E:\Android Studio\jbr\bin\verify.dll

Deoptimization events (20 events):
Event: 3.481 Thread 0x000001dd3c5494b0 Uncommon trap: trap_request=0xffffff45 fr.pc=0x000001dd277bcfb8 relative=0x0000000000000198
Event: 3.481 Thread 0x000001dd3c5494b0 Uncommon trap: reason=unstable_if action=reinterpret pc=0x000001dd277bcfb8 method=java.util.regex.Matcher.reset()Ljava/util/regex/Matcher; @ 47 c2
Event: 3.481 Thread 0x000001dd3c5494b0 DEOPT PACKING pc=0x000001dd277bcfb8 sp=0x00000086668fdf70
Event: 3.481 Thread 0x000001dd3c5494b0 DEOPT UNPACKING pc=0x000001dd2725a1a3 sp=0x00000086668fdef8 mode 2
Event: 3.481 Thread 0x000001dd3c5494b0 Uncommon trap: trap_request=0xffffff45 fr.pc=0x000001dd277bdfd8 relative=0x00000000000003f8
Event: 3.481 Thread 0x000001dd3c5494b0 Uncommon trap: reason=unstable_if action=reinterpret pc=0x000001dd277bdfd8 method=java.util.regex.Matcher.match(II)Z @ 76 c2
Event: 3.481 Thread 0x000001dd3c5494b0 DEOPT PACKING pc=0x000001dd277bdfd8 sp=0x00000086668fdfa0
Event: 3.481 Thread 0x000001dd3c5494b0 DEOPT UNPACKING pc=0x000001dd2725a1a3 sp=0x00000086668fdf70 mode 2
Event: 3.520 Thread 0x000001dd3c564020 Uncommon trap: trap_request=0xffffff45 fr.pc=0x000001dd2784e160 relative=0x0000000000001240
Event: 3.520 Thread 0x000001dd3c564020 Uncommon trap: reason=unstable_if action=reinterpret pc=0x000001dd2784e160 method=java.util.concurrent.ConcurrentHashMap.putVal(Ljava/lang/Object;Ljava/lang/Object;Z)Ljava/lang/Object; @ 256 c2
Event: 3.521 Thread 0x000001dd3c564020 DEOPT PACKING pc=0x000001dd2784e160 sp=0x0000008666aff190
Event: 3.521 Thread 0x000001dd3c564020 DEOPT UNPACKING pc=0x000001dd2725a1a3 sp=0x0000008666aff108 mode 2
Event: 3.707 Thread 0x000001dd3c564020 Uncommon trap: trap_request=0xffffff45 fr.pc=0x000001dd277d8434 relative=0x00000000000003f4
Event: 3.707 Thread 0x000001dd3c564020 Uncommon trap: reason=unstable_if action=reinterpret pc=0x000001dd277d8434 method=java.util.HashMap.getNode(Ljava/lang/Object;)Ljava/util/HashMap$Node; @ 66 c2
Event: 3.707 Thread 0x000001dd3c564020 DEOPT PACKING pc=0x000001dd277d8434 sp=0x0000008666afc670
Event: 3.707 Thread 0x000001dd3c564020 DEOPT UNPACKING pc=0x000001dd2725a1a3 sp=0x0000008666afc5f0 mode 2
Event: 3.728 Thread 0x000001dd3c564020 Uncommon trap: trap_request=0xffffff45 fr.pc=0x000001dd2784f5e4 relative=0x0000000000000244
Event: 3.728 Thread 0x000001dd3c564020 Uncommon trap: reason=unstable_if action=reinterpret pc=0x000001dd2784f5e4 method=java.util.concurrent.ConcurrentHashMap.get(Ljava/lang/Object;)Ljava/lang/Object; @ 76 c2
Event: 3.728 Thread 0x000001dd3c564020 DEOPT PACKING pc=0x000001dd2784f5e4 sp=0x0000008666afbc00
Event: 3.728 Thread 0x000001dd3c564020 DEOPT UNPACKING pc=0x000001dd2725a1a3 sp=0x0000008666afbb78 mode 2

Classes unloaded (0 events):
No events

Classes redefined (0 events):
No events

Internal exceptions (20 events):
Event: 1.131 Thread 0x000001dd1c803d50 Exception <a 'java/lang/NoSuchMethodError'{0x000000008695c9a0}: 'java.lang.Object java.lang.invoke.Invokers$Holder.invoker(java.lang.Object, java.lang.Object, java.lang.Object)'> (0x000000008695c9a0) 
thrown [s\src\hotspot\share\interpreter\linkResolver.cpp, line 771]
Event: 1.135 Thread 0x000001dd1c803d50 Exception <a 'java/lang/NoSuchMethodError'{0x0000000086965b98}: 'java.lang.Object java.lang.invoke.DirectMethodHandle$Holder.invokeStatic(java.lang.Object, java.lang.Object, int)'> (0x0000000086965b98) 
thrown [s\src\hotspot\share\interpreter\linkResolver.cpp, line 771]
Event: 1.137 Thread 0x000001dd1c803d50 Exception <a 'java/lang/NoSuchMethodError'{0x0000000086971980}: 'void java.lang.invoke.DelegatingMethodHandle$Holder.delegate(java.lang.Object, java.lang.Object, int, java.lang.Object)'> (0x0000000086971980) 
thrown [s\src\hotspot\share\interpreter\linkResolver.cpp, line 771]
Event: 1.137 Thread 0x000001dd1c803d50 Exception <a 'java/lang/NoSuchMethodError'{0x00000000869759b8}: 'int java.lang.invoke.DirectMethodHandle$Holder.invokeSpecial(java.lang.Object, java.lang.Object, java.lang.Object)'> (0x00000000869759b8) 
thrown [s\src\hotspot\share\interpreter\linkResolver.cpp, line 771]
Event: 1.141 Thread 0x000001dd1c803d50 Exception <a 'java/lang/NoSuchMethodError'{0x0000000086989558}: 'java.lang.Object java.lang.invoke.Invokers$Holder.invokeExact_MT(java.lang.Object, java.lang.Object, java.lang.Object, java.lang.Object)'> (0x0000000086989558) 
thrown [s\src\hotspot\share\interpreter\linkResolver.cpp, line 771]
Event: 1.594 Thread 0x000001dd1c803d50 Exception <a 'java/lang/NoSuchMethodError'{0x00000000878f6df0}: 'void java.lang.invoke.DirectMethodHandle$Holder.invokeInterface(java.lang.Object, java.lang.Object, java.lang.Object)'> (0x00000000878f6df0) 
thrown [s\src\hotspot\share\interpreter\linkResolver.cpp, line 771]
Event: 2.740 Thread 0x000001dd1c803d50 Exception <a 'java/lang/NoSuchMethodError'{0x0000000086cc4be0}: 'java.lang.Object java.lang.invoke.DirectMethodHandle$Holder.invokeStaticInit(java.lang.Object)'> (0x0000000086cc4be0) 
thrown [s\src\hotspot\share\interpreter\linkResolver.cpp, line 771]
Event: 2.774 Thread 0x000001dd1c803d50 Exception <a 'java/lang/NoSuchMethodError'{0x0000000086b4e3e8}: 'java.lang.Object java.lang.invoke.DirectMethodHandle$Holder.invokeInterface(java.lang.Object, java.lang.Object)'> (0x0000000086b4e3e8) 
thrown [s\src\hotspot\share\interpreter\linkResolver.cpp, line 771]
Event: 2.936 Thread 0x000001dd1c803d50 Exception <a 'java/lang/NoSuchMethodError'{0x000000008657da48}: 'java.lang.Object java.lang.invoke.DirectMethodHandle$Holder.invokeStaticInit(java.lang.Object, int, int, int, int)'> (0x000000008657da48) 
thrown [s\src\hotspot\share\interpreter\linkResolver.cpp, line 771]
Event: 3.039 Thread 0x000001dd1c803d50 Exception <a 'java/lang/NoSuchMethodError'{0x00000000865edb90}: 'java.lang.Object java.lang.invoke.DirectMethodHandle$Holder.invokeStaticInit(java.lang.Object, java.lang.Object, int, int, int, int)'> (0x00000000865edb90) 
thrown [s\src\hotspot\share\interpreter\linkResolver.cpp, line 771]
Event: 3.296 Thread 0x000001dd1c803d50 Exception <a 'java/lang/NoSuchMethodError'{0x0000000086371518}: 'void java.lang.invoke.DirectMethodHandle$Holder.invokeStatic(java.lang.Object, java.lang.Object, java.lang.Object)'> (0x0000000086371518) 
thrown [s\src\hotspot\share\interpreter\linkResolver.cpp, line 771]
Event: 3.327 Thread 0x000001dd1c803d50 Exception <a 'java/io/IOException'{0x000000008622cbe0}> (0x000000008622cbe0) 
thrown [s\src\hotspot\share\prims\jni.cpp, line 517]
Event: 3.580 Thread 0x000001dd3c564020 Exception <a 'java/lang/NoSuchMethodError'{0x000000008569d9c8}: 'long java.lang.invoke.DirectMethodHandle$Holder.invokeInterface(java.lang.Object, java.lang.Object)'> (0x000000008569d9c8) 
thrown [s\src\hotspot\share\interpreter\linkResolver.cpp, line 771]
Event: 3.587 Thread 0x000001dd3c564020 Exception <a 'java/lang/NoSuchMethodError'{0x00000000856d56a0}: 'java.lang.Object java.lang.invoke.DirectMethodHandle$Holder.invokeVirtual(java.lang.Object, java.lang.Object, java.lang.Object)'> (0x00000000856d56a0) 
thrown [s\src\hotspot\share\interpreter\linkResolver.cpp, line 771]
Event: 3.670 Thread 0x000001dd3c564020 Exception <a 'java/lang/NoSuchMethodError'{0x000000008527e010}: 'void java.lang.invoke.DirectMethodHandle$Holder.invokeStatic(java.lang.Object, java.lang.Object)'> (0x000000008527e010) 
thrown [s\src\hotspot\share\interpreter\linkResolver.cpp, line 771]
Event: 3.720 Thread 0x000001dd3c564020 Exception <a 'java/lang/NoSuchMethodError'{0x00000000850267a0}: 'java.lang.Object java.lang.invoke.DirectMethodHandle$Holder.newInvokeSpecial(java.lang.Object, java.lang.Object, java.lang.Object, java.lang.Object, java.lang.Object)'> (0x00000000850267a0) 
thrown [s\src\hotspot\share\interpreter\linkResolver.cpp, line 771]
Event: 3.764 Thread 0x000001dd3c564020 Exception <a 'java/lang/NoSuchMethodError'{0x0000000084e46798}: 'void java.lang.invoke.DirectMethodHandle$Holder.invokeSpecial(java.lang.Object, java.lang.Object, java.lang.Object)'> (0x0000000084e46798) 
thrown [s\src\hotspot\share\interpreter\linkResolver.cpp, line 771]
Event: 3.783 Thread 0x000001dd3c564020 Exception <a 'java/lang/NoSuchMethodError'{0x0000000084ee0f00}: 'java.lang.Object java.lang.invoke.DirectMethodHandle$Holder.newInvokeSpecial(java.lang.Object, java.lang.Object, java.lang.Object, java.lang.Object, java.lang.Object, java.lang.Object)'> (0x0000000084ee0f00) 
thrown [s\src\hotspot\share\interpreter\linkResolver.cpp, line 771]
Event: 3.785 Thread 0x000001dd3c564020 Exception <a 'java/lang/NoSuchMethodError'{0x0000000084ef8a08}: 'void java.lang.invoke.DirectMethodHandle$Holder.invokeSpecial(java.lang.Object, java.lang.Object, java.lang.Object, java.lang.Object, java.lang.Object)'> (0x0000000084ef8a08) 
thrown [s\src\hotspot\share\interpreter\linkResolver.cpp, line 771]
Event: 3.787 Thread 0x000001dd3c564020 Exception <a 'java/lang/NoSuchMethodError'{0x0000000084d0ccc0}: 'void java.lang.invoke.DirectMethodHandle$Holder.invokeStaticInit(java.lang.Object, java.lang.Object)'> (0x0000000084d0ccc0) 
thrown [s\src\hotspot\share\interpreter\linkResolver.cpp, line 771]

VM Operations (20 events):
Event: 2.293 Executing VM operation: G1CollectForAllocation
Event: 2.303 Executing VM operation: G1CollectForAllocation done
Event: 2.655 Executing VM operation: HandshakeAllThreads
Event: 2.655 Executing VM operation: HandshakeAllThreads done
Event: 2.723 Executing VM operation: HandshakeAllThreads
Event: 2.723 Executing VM operation: HandshakeAllThreads done
Event: 2.770 Executing VM operation: HandshakeAllThreads
Event: 2.770 Executing VM operation: HandshakeAllThreads done
Event: 2.853 Executing VM operation: HandshakeAllThreads
Event: 2.853 Executing VM operation: HandshakeAllThreads done
Event: 2.916 Executing VM operation: HandshakeAllThreads
Event: 2.916 Executing VM operation: HandshakeAllThreads done
Event: 3.028 Executing VM operation: HandshakeAllThreads
Event: 3.028 Executing VM operation: HandshakeAllThreads done
Event: 3.293 Executing VM operation: HandshakeAllThreads
Event: 3.293 Executing VM operation: HandshakeAllThreads done
Event: 3.407 Executing VM operation: HandshakeAllThreads
Event: 3.407 Executing VM operation: HandshakeAllThreads done
Event: 3.407 Executing VM operation: Cleanup
Event: 3.407 Executing VM operation: Cleanup done

Events (20 events):
Event: 3.729 loading class java/util/stream/MatchOps$MatchKind
Event: 3.730 loading class java/util/stream/MatchOps$MatchKind done
Event: 3.730 loading class java/util/stream/MatchOps
Event: 3.730 loading class java/util/stream/MatchOps done
Event: 3.730 loading class java/util/stream/MatchOps$MatchOp
Event: 3.730 loading class java/util/stream/MatchOps$MatchOp done
Event: 3.730 loading class java/util/stream/MatchOps$BooleanTerminalSink
Event: 3.730 loading class java/util/stream/MatchOps$BooleanTerminalSink done
Event: 3.731 loading class java/util/stream/MatchOps$1MatchSink
Event: 3.731 loading class java/util/stream/MatchOps$1MatchSink done
Event: 3.801 loading class java/lang/management/MemoryType
Event: 3.801 loading class java/lang/management/MemoryType done
Event: 3.801 loading class java/lang/management/MemoryUsage
Event: 3.801 loading class java/lang/management/MemoryUsage done
Event: 3.802 loading class java/util/concurrent/LinkedBlockingDeque$Node
Event: 3.802 loading class java/util/concurrent/LinkedBlockingDeque$Node done
Event: 3.807 loading class java/util/ConcurrentModificationException
Event: 3.808 loading class java/util/ConcurrentModificationException done
Event: 3.810 loading class java/lang/invoke/MethodHandle$1
Event: 3.810 loading class java/lang/invoke/MethodHandle$1 done


Dynamic libraries:
0x00007ff673690000 - 0x00007ff67369a000 	E:\Android Studio\jbr\bin\java.exe
0x00007ffda6830000 - 0x00007ffda6a46000 	C:\WINDOWS\SYSTEM32\ntdll.dll
0x00007ffda5990000 - 0x00007ffda5a54000 	C:\WINDOWS\System32\KERNEL32.DLL
0x00007ffda3c00000 - 0x00007ffda3fa7000 	C:\WINDOWS\System32\KERNELBASE.dll
0x00007ffda4410000 - 0x00007ffda4521000 	C:\WINDOWS\System32\ucrtbase.dll
0x00007ffd89a70000 - 0x00007ffd89a8b000 	E:\Android Studio\jbr\bin\VCRUNTIME140.dll
0x00007ffd8d120000 - 0x00007ffd8d137000 	E:\Android Studio\jbr\bin\jli.dll
0x00007ffda5710000 - 0x00007ffda58be000 	C:\WINDOWS\System32\USER32.dll
0x00007ffda3bd0000 - 0x00007ffda3bf6000 	C:\WINDOWS\System32\win32u.dll
0x00007ffd94320000 - 0x00007ffd945b3000 	C:\WINDOWS\WinSxS\amd64_microsoft.windows.common-controls_6595b64144ccf1df_6.0.22621.3235_none_270f74e173860f98\COMCTL32.dll
0x00007ffda5690000 - 0x00007ffda56b9000 	C:\WINDOWS\System32\GDI32.dll
0x00007ffda5ef0000 - 0x00007ffda5f97000 	C:\WINDOWS\System32\msvcrt.dll
0x00007ffda42f0000 - 0x00007ffda4409000 	C:\WINDOWS\System32\gdi32full.dll
0x00007ffda4020000 - 0x00007ffda40ba000 	C:\WINDOWS\System32\msvcp_win.dll
0x00007ffda65a0000 - 0x00007ffda65d1000 	C:\WINDOWS\System32\IMM32.DLL
0x00007ffd95110000 - 0x00007ffd9511c000 	E:\Android Studio\jbr\bin\vcruntime140_1.dll
0x00007ffd73170000 - 0x00007ffd731fd000 	E:\Android Studio\jbr\bin\msvcp140.dll
0x00007ffd2a570000 - 0x00007ffd2b1f0000 	E:\Android Studio\jbr\bin\server\jvm.dll
0x00007ffda58d0000 - 0x00007ffda5982000 	C:\WINDOWS\System32\ADVAPI32.dll
0x00007ffda4580000 - 0x00007ffda4628000 	C:\WINDOWS\System32\sechost.dll
0x00007ffda4530000 - 0x00007ffda4558000 	C:\WINDOWS\System32\bcrypt.dll
0x00007ffda54f0000 - 0x00007ffda5605000 	C:\WINDOWS\System32\RPCRT4.dll
0x00007ffd9b5b0000 - 0x00007ffd9b5ba000 	C:\WINDOWS\SYSTEM32\VERSION.dll
0x00007ffd813c0000 - 0x00007ffd813c9000 	C:\WINDOWS\SYSTEM32\WSOCK32.dll
0x00007ffd99d20000 - 0x00007ffd99d54000 	C:\WINDOWS\SYSTEM32\WINMM.dll
0x00007ffda5610000 - 0x00007ffda5681000 	C:\WINDOWS\System32\ws2_32.DLL
0x00007ffda2b50000 - 0x00007ffda2b68000 	C:\WINDOWS\SYSTEM32\kernel.appcore.dll
0x00007ffd9e730000 - 0x00007ffd9e73a000 	E:\Android Studio\jbr\bin\jimage.dll
0x00007ffda1480000 - 0x00007ffda16b3000 	C:\WINDOWS\SYSTEM32\DBGHELP.DLL
0x00007ffda60a0000 - 0x00007ffda6428000 	C:\WINDOWS\System32\combase.dll
0x00007ffda6450000 - 0x00007ffda6527000 	C:\WINDOWS\System32\OLEAUT32.dll
0x00007ffd91d30000 - 0x00007ffd91d62000 	C:\WINDOWS\SYSTEM32\dbgcore.DLL
0x00007ffda3b50000 - 0x00007ffda3bc9000 	C:\WINDOWS\System32\bcryptPrimitives.dll
0x00007ffd924f0000 - 0x00007ffd924fe000 	E:\Android Studio\jbr\bin\instrument.dll
0x00007ffd98cb0000 - 0x00007ffd98cd5000 	E:\Android Studio\jbr\bin\java.dll
0x00007ffd987f0000 - 0x00007ffd98808000 	E:\Android Studio\jbr\bin\zip.dll
0x00007ffda4960000 - 0x00007ffda51bc000 	C:\WINDOWS\System32\SHELL32.dll
0x00007ffda1a60000 - 0x00007ffda2359000 	C:\WINDOWS\SYSTEM32\windows.storage.dll
0x00007ffda1920000 - 0x00007ffda1a5e000 	C:\WINDOWS\SYSTEM32\wintypes.dll
0x00007ffda53f0000 - 0x00007ffda54e3000 	C:\WINDOWS\System32\SHCORE.dll
0x00007ffda65e0000 - 0x00007ffda663e000 	C:\WINDOWS\System32\shlwapi.dll
0x00007ffda3a80000 - 0x00007ffda3aa1000 	C:\WINDOWS\SYSTEM32\profapi.dll
0x00007ffd8d280000 - 0x00007ffd8d299000 	E:\Android Studio\jbr\bin\net.dll
0x00007ffd9bb20000 - 0x00007ffd9bc56000 	C:\WINDOWS\SYSTEM32\WINHTTP.dll
0x00007ffda2fb0000 - 0x00007ffda3019000 	C:\WINDOWS\system32\mswsock.dll
0x00007ffd8d260000 - 0x00007ffd8d276000 	E:\Android Studio\jbr\bin\nio.dll
0x00007ffd998b0000 - 0x00007ffd998c0000 	E:\Android Studio\jbr\bin\verify.dll
0x00007ffd84a10000 - 0x00007ffd84a37000 	C:\Users\birmo\.gradle\native\68d5fa5c4cc2d200863cafc0d521ce42e7d3e7ee720ec0a83991735586a16f82\windows-amd64\native-platform.dll
0x00007ffd4e930000 - 0x00007ffd4ea74000 	C:\Users\birmo\.gradle\native\e376f236ea51e6404a007f0833ffe2c6e607c4080706a723a18a27aeea778392\windows-amd64\native-platform-file-events.dll
0x00007ffd98ca0000 - 0x00007ffd98ca9000 	E:\Android Studio\jbr\bin\management.dll
0x00007ffd95c30000 - 0x00007ffd95c3b000 	E:\Android Studio\jbr\bin\management_ext.dll
0x00007ffda5a60000 - 0x00007ffda5a68000 	C:\WINDOWS\System32\PSAPI.DLL
0x00007ffda3230000 - 0x00007ffda324b000 	C:\WINDOWS\SYSTEM32\CRYPTSP.dll
0x00007ffda2ab0000 - 0x00007ffda2ae5000 	C:\WINDOWS\system32\rsaenh.dll
0x00007ffda3050000 - 0x00007ffda3078000 	C:\WINDOWS\SYSTEM32\USERENV.dll
0x00007ffda31c0000 - 0x00007ffda31cc000 	C:\WINDOWS\SYSTEM32\CRYPTBASE.dll
0x00007ffda25c0000 - 0x00007ffda25ed000 	C:\WINDOWS\SYSTEM32\IPHLPAPI.DLL
0x00007ffda58c0000 - 0x00007ffda58c9000 	C:\WINDOWS\System32\NSI.dll
0x00007ffd9ba30000 - 0x00007ffd9ba49000 	C:\WINDOWS\SYSTEM32\dhcpcsvc6.DLL
0x00007ffd9ba10000 - 0x00007ffd9ba2f000 	C:\WINDOWS\SYSTEM32\dhcpcsvc.DLL
0x00007ffda25f0000 - 0x00007ffda26e9000 	C:\WINDOWS\SYSTEM32\DNSAPI.dll
0x00007ffd9e720000 - 0x00007ffd9e728000 	C:\WINDOWS\system32\wshunix.dll

dbghelp: loaded successfully - version: 4.0.5 - missing functions: none
symbol engine: initialized successfully - sym options: 0x614 - pdb path: .;E:\Android Studio\jbr\bin;C:\WINDOWS\SYSTEM32;C:\WINDOWS\WinSxS\amd64_microsoft.windows.common-controls_6595b64144ccf1df_6.0.22621.3235_none_270f74e173860f98;E:\Android Studio\jbr\bin\server;C:\Users\birmo\.gradle\native\68d5fa5c4cc2d200863cafc0d521ce42e7d3e7ee720ec0a83991735586a16f82\windows-amd64;C:\Users\birmo\.gradle\native\e376f236ea51e6404a007f0833ffe2c6e607c4080706a723a18a27aeea778392\windows-amd64

VM Arguments:
jvm_args: --add-opens=java.base/java.util=ALL-UNNAMED --add-opens=java.base/java.lang=ALL-UNNAMED --add-opens=java.base/java.lang.invoke=ALL-UNNAMED --add-opens=java.prefs/java.util.prefs=ALL-UNNAMED --add-opens=java.base/java.nio.charset=ALL-UNNAMED --add-opens=java.base/java.net=ALL-UNNAMED --add-opens=java.base/java.util.concurrent.atomic=ALL-UNNAMED -Xmx2048m -Dfile.encoding=UTF-8 -Duser.country=FR -Duser.language=fr -Duser.variant -javaagent:C:\Users\birmo\.gradle\wrapper\dists\gradle-8.2-bin\bbg7u40eoinfdyxsxr3z4i7ta\gradle-8.2\lib\agents\gradle-instrumentation-agent-8.2.jar 
java_command: org.gradle.launcher.daemon.bootstrap.GradleDaemon 8.2
java_class_path (initial): C:\Users\birmo\.gradle\wrapper\dists\gradle-8.2-bin\bbg7u40eoinfdyxsxr3z4i7ta\gradle-8.2\lib\gradle-launcher-8.2.jar
Launcher Type: SUN_STANDARD

[Global flags]
     intx CICompilerCount                          = 4                                         {product} {ergonomic}
     uint ConcGCThreads                            = 2                                         {product} {ergonomic}
     uint G1ConcRefinementThreads                  = 8                                         {product} {ergonomic}
   size_t G1HeapRegionSize                         = 1048576                                   {product} {ergonomic}
    uintx GCDrainStackTargetSize                   = 64                                        {product} {ergonomic}
   size_t InitialHeapSize                          = 130023424                                 {product} {ergonomic}
   size_t MarkStackSize                            = 4194304                                   {product} {ergonomic}
   size_t MaxHeapSize                              = 2147483648                                {product} {command line}
   size_t MaxNewSize                               = 1287651328                                {product} {ergonomic}
   size_t MinHeapDeltaBytes                        = 1048576                                   {product} {ergonomic}
   size_t MinHeapSize                              = 8388608                                   {product} {ergonomic}
    uintx NonNMethodCodeHeapSize                   = 5839372                                {pd product} {ergonomic}
    uintx NonProfiledCodeHeapSize                  = 122909434                              {pd product} {ergonomic}
    uintx ProfiledCodeHeapSize                     = 122909434                              {pd product} {ergonomic}
    uintx ReservedCodeCacheSize                    = 251658240                              {pd product} {ergonomic}
     bool SegmentedCodeCache                       = true                                      {product} {ergonomic}
   size_t SoftMaxHeapSize                          = 2147483648                             {manageable} {ergonomic}
     bool UseCompressedClassPointers               = true                           {product lp64_product} {ergonomic}
     bool UseCompressedOops                        = true                           {product lp64_product} {ergonomic}
     bool UseG1GC                                  = true                                      {product} {ergonomic}
     bool UseLargePagesIndividualAllocation        = false                                  {pd product} {ergonomic}

Logging:
Log output configuration:
 #0: stdout all=warning uptime,level,tags
 #1: stderr all=off uptime,level,tags

Environment Variables:
PATH=E:\VMware\VMware Player\bin\;C:\Program Files\Microsoft\jdk-11.0.16.101-hotspot\bin;E:\Oracle_DataBase_10g\app\oracle\product\10.2.0\server\bin;E:\ORACLE\dbhomeXE\bin;C:\Program Files\Common Files\Oracle\Java\javapath;C:\WINDOWS\system32;C:\WINDOWS;C:\WINDOWS\System32\Wbem;C:\WINDOWS\System32\WindowsPowerShell\v1.0\;C:\WINDOWS\System32\OpenSSH\;C:\Program Files\dotnet\;C:\Program Files (x86)\Windows Kits\10\Windows Performance Toolkit\;C:\Program Files\Microsoft SQL Server\120\DTS\Binn\;C:\Program Files\Microsoft SQL Server\Client SDK\ODBC\110\Tools\Binn\;C:\Program Files (x86)\Microsoft SQL Server\120\Tools\Binn\;C:\Program Files\Microsoft SQL Server\120\Tools\Binn\;C:\Program Files (x86)\Microsoft SQL Server\120\Tools\Binn\ManagementStudio\;C:\Program Files (x86)\Microsoft SQL Server\120\DTS\Binn\;E:\Git\cmd;C:\Users\birmo\AppData\Local\Microsoft\WindowsApps;C:\Users\birmo\AppData\Local\Programs\Microsoft VS Code\bin;C:\Program Files\Java\jdk-19\bin;C:\Users\birmo\.dotnet\tools
USERNAME=birmo
OS=Windows_NT
PROCESSOR_IDENTIFIER=Intel64 Family 6 Model 140 Stepping 1, GenuineIntel
TMP=C:\Users\birmo\AppData\Local\Temp
TEMP=C:\Users\birmo\AppData\Local\Temp


JNI global refs:
JNI global refs: 23, weak refs: 0

JNI global refs memory usage: 843, weak refs: 841

OOME stack traces (most recent first):
Classloader memory used:
Loader bootstrap                                                                       : 1766K
Loader org.gradle.internal.classloader.VisitableURLClassLoader                         : 796K
Loader org.gradle.initialization.MixInLegacyTypesClassLoader                           : 30366B
Loader jdk.internal.loader.ClassLoaders$AppClassLoader                                 : 28352B
Loader jdk.internal.loader.ClassLoaders$PlatformClassLoader                            : 17641B
Loader jdk.internal.reflect.DelegatingClassLoader                                      : 972B

Classes loaded by more than one classloader:
Class org.gradle.internal.installation.GradleInstallation                             : loaded 2 times (x 73B)
Class org.gradle.internal.classpath.ClassPath                                         : loaded 2 times (x 68B)
Class org.gradle.api.internal.classpath.DefaultModuleRegistry                         : loaded 2 times (x 84B)
Class org.gradle.api.Action                                                           : loaded 2 times (x 68B)
Class org.gradle.api.internal.DefaultClassPathProvider                                : loaded 2 times (x 74B)
Class org.gradle.internal.installation.GradleInstallation$1                           : loaded 2 times (x 73B)
Class org.gradle.internal.classloader.FilteringClassLoader                            : loaded 2 times (x 102B)
Class org.gradle.internal.classpath.DefaultClassPath$ImmutableUniqueList$Builder      : loaded 2 times (x 73B)
Class org.gradle.internal.classloader.ClassLoaderVisitor                              : loaded 2 times (x 74B)
Class org.gradle.internal.service.DefaultServiceLocator                               : loaded 2 times (x 81B)
Class org.gradle.internal.service.UnknownServiceException                             : loaded 2 times (x 81B)
Class org.gradle.internal.classloader.VisitableURLClassLoader$Spec                    : loaded 2 times (x 72B)
Class org.gradle.api.GradleException                                                  : loaded 2 times (x 80B)
Class org.gradle.api.internal.classpath.ModuleRegistry                                : loaded 2 times (x 68B)
Class org.gradle.api.internal.ClassPathProvider                                       : loaded 2 times (x 68B)
Class org.gradle.internal.classloader.ClasspathUtil$1                                 : loaded 2 times (x 74B)
Class org.gradle.internal.classloader.ClassLoaderFactory                              : loaded 2 times (x 68B)
Class org.gradle.api.internal.classpath.ManifestUtil                                  : loaded 2 times (x 69B)
Class org.gradle.api.specs.Spec                                                       : loaded 2 times (x 68B)
Class org.gradle.internal.IoActions                                                   : loaded 2 times (x 69B)
Class org.gradle.api.internal.classpath.EffectiveClassPath                            : loaded 2 times (x 88B)
Class org.gradle.internal.installation.CurrentGradleInstallation                      : loaded 2 times (x 71B)
Class org.gradle.internal.agents.InstrumentingClassLoader                             : loaded 2 times (x 68B)
Class org.gradle.internal.installation.CurrentGradleInstallationLocator               : loaded 2 times (x 69B)
Class org.gradle.api.internal.classpath.Module                                        : loaded 2 times (x 68B)
Class org.gradle.internal.service.CachingServiceLocator                               : loaded 2 times (x 80B)
Class org.gradle.internal.classpath.DefaultClassPath                                  : loaded 2 times (x 88B)
Class org.gradle.internal.classloader.SystemClassLoaderSpec                           : loaded 2 times (x 69B)
Class org.gradle.api.UncheckedIOException                                             : loaded 2 times (x 80B)
Class org.gradle.internal.classloader.ClasspathUtil                                   : loaded 2 times (x 69B)
Class org.gradle.api.internal.DefaultClassPathRegistry                                : loaded 2 times (x 74B)
Class org.gradle.api.internal.classpath.DefaultModuleRegistry$DefaultModule           : loaded 2 times (x 84B)
Class org.gradle.api.internal.classpath.UnknownModuleException                        : loaded 2 times (x 80B)
Class org.gradle.internal.service.ServiceLookupException                              : loaded 2 times (x 80B)
Class org.gradle.cache.GlobalCache                                                    : loaded 2 times (x 68B)
Class [Lorg.gradle.api.internal.ClassPathProvider;                                    : loaded 2 times (x 67B)
Class org.gradle.util.internal.GUtil                                                  : loaded 2 times (x 69B)
Class org.gradle.internal.classloader.ClassLoaderSpec                                 : loaded 2 times (x 69B)
Class org.gradle.internal.classloader.VisitableURLClassLoader                         : loaded 2 times (x 114B)
Class org.gradle.internal.Cast                                                        : loaded 2 times (x 69B)
Class org.gradle.api.internal.ClassPathRegistry                                       : loaded 2 times (x 68B)
Class org.gradle.internal.classloader.VisitableURLClassLoader$InstrumentingVisitableURLClassLoader: loaded 2 times (x 120B)
Class org.gradle.internal.classloader.ClassLoaderHierarchy                            : loaded 2 times (x 68B)
Class org.gradle.internal.InternalTransformer                                         : loaded 2 times (x 68B)
Class org.gradle.internal.service.ServiceLocator                                      : loaded 2 times (x 68B)
Class org.gradle.internal.classpath.DefaultClassPath$ImmutableUniqueList              : loaded 2 times (x 159B)
Class org.gradle.internal.classpath.TransformedClassPath                              : loaded 2 times (x 94B)


---------------  S Y S T E M  ---------------

OS:
 Windows 11 , 64 bit Build 22621 (10.0.22621.3374)
OS uptime: 23 days 2:55 hours
Hyper-V role detected

CPU: total 8 (initial active 8) (4 cores per cpu, 2 threads per core) family 6 model 140 stepping 1 microcode 0x9a, cx8, cmov, fxsr, ht, mmx, 3dnowpref, sse, sse2, sse3, ssse3, sse4.1, sse4.2, popcnt, lzcnt, tsc, tscinvbit, avx, avx2, aes, erms, clmul, bmi1, bmi2, adx, avx512f, avx512dq, avx512cd, avx512bw, avx512vl, sha, fma, vzeroupper, avx512_vpopcntdq, avx512_vpclmulqdq, avx512_vaes, avx512_vnni, clflush, clflushopt, clwb, avx512_vbmi2, avx512_vbmi, hv

Memory: 4k page, system-wide physical 7886M (15M free)
TotalPageFile size 25732M (AvailPageFile size 1M)
current process WorkingSet (physical memory assigned to process): 138M, peak: 138M
current process commit charge ("private bytes"): 246M, peak: 247M

vm_info: OpenJDK 64-Bit Server VM (17.0.7+0-b2043.56-10550314) for windows-amd64 JRE (17.0.7+0-b2043.56-10550314), built on Jul 24 2023 18:27:45 by "androidbuild" with MS VC++ 16.10 / 16.11 (VS2019)

END.
